{"C:\\Users\\ThinkPad L490\\mini-banco\\src\\components\\Auth.jsx": {"path":"C:\\Users\\ThinkPad L490\\mini-banco\\src\\components\\Auth.jsx","statementMap":{"0":{"start":{"line":7,"column":32},"end":{"line":7,"column":null}},"1":{"start":{"line":8,"column":28},"end":{"line":8,"column":null}},"2":{"start":{"line":9,"column":34},"end":{"line":9,"column":null}},"3":{"start":{"line":10,"column":30},"end":{"line":10,"column":null}},"4":{"start":{"line":11,"column":28},"end":{"line":11,"column":null}},"5":{"start":{"line":12,"column":32},"end":{"line":12,"column":null}},"6":{"start":{"line":14,"column":23},"end":{"line":46,"column":null}},"7":{"start":{"line":15,"column":4},"end":{"line":15,"column":null}},"8":{"start":{"line":16,"column":4},"end":{"line":16,"column":null}},"9":{"start":{"line":19,"column":4},"end":{"line":21,"column":null}},"10":{"start":{"line":20,"column":6},"end":{"line":20,"column":null}},"11":{"start":{"line":23,"column":4},"end":{"line":23,"column":null}},"12":{"start":{"line":25,"column":4},"end":{"line":45,"column":null}},"13":{"start":{"line":26,"column":6},"end":{"line":40,"column":null}},"14":{"start":{"line":27,"column":31},"end":{"line":27,"column":null}},"15":{"start":{"line":28,"column":8},"end":{"line":28,"column":null}},"16":{"start":{"line":30,"column":8},"end":{"line":30,"column":null}},"17":{"start":{"line":30,"column":28},"end":{"line":30,"column":null}},"18":{"start":{"line":32,"column":31},"end":{"line":32,"column":null}},"19":{"start":{"line":34,"column":8},"end":{"line":38,"column":null}},"20":{"start":{"line":39,"column":8},"end":{"line":39,"column":null}},"21":{"start":{"line":42,"column":6},"end":{"line":42,"column":null}},"22":{"start":{"line":44,"column":6},"end":{"line":44,"column":null}},"23":{"start":{"line":48,"column":2},"end":{"line":80,"column":null}},"24":{"start":{"line":57,"column":29},"end":{"line":57,"column":null}},"25":{"start":{"line":64,"column":27},"end":{"line":64,"column":null}},"26":{"start":{"line":70,"column":27},"end":{"line":70,"column":null}},"27":{"start":{"line":77,"column":66},"end":{"line":77,"column":null}}},"fnMap":{"0":{"name":"Auth","decl":{"start":{"line":6,"column":24},"end":{"line":6,"column":29}},"loc":{"start":{"line":6,"column":42},"end":{"line":82,"column":null}},"line":6},"1":{"name":"(anonymous_1)","decl":{"start":{"line":14,"column":23},"end":{"line":14,"column":30}},"loc":{"start":{"line":14,"column":36},"end":{"line":46,"column":null}},"line":14},"2":{"name":"(anonymous_2)","decl":{"start":{"line":57,"column":12},"end":{"line":57,"column":23}},"loc":{"start":{"line":57,"column":29},"end":{"line":57,"column":null}},"line":57},"3":{"name":"(anonymous_3)","decl":{"start":{"line":64,"column":10},"end":{"line":64,"column":21}},"loc":{"start":{"line":64,"column":27},"end":{"line":64,"column":null}},"line":64},"4":{"name":"(anonymous_4)","decl":{"start":{"line":70,"column":10},"end":{"line":70,"column":21}},"loc":{"start":{"line":70,"column":27},"end":{"line":70,"column":null}},"line":70},"5":{"name":"(anonymous_5)","decl":{"start":{"line":77,"column":51},"end":{"line":77,"column":66}},"loc":{"start":{"line":77,"column":66},"end":{"line":77,"column":null}},"line":77}},"branchMap":{"0":{"loc":{"start":{"line":19,"column":4},"end":{"line":21,"column":null}},"type":"if","locations":[{"start":{"line":19,"column":4},"end":{"line":21,"column":null}},{"start":{},"end":{}}],"line":19},"1":{"loc":{"start":{"line":19,"column":8},"end":{"line":19,"column":43}},"type":"binary-expr","locations":[{"start":{"line":19,"column":8},"end":{"line":19,"column":25}},{"start":{"line":19,"column":25},"end":{"line":19,"column":43}}],"line":19},"2":{"loc":{"start":{"line":26,"column":6},"end":{"line":40,"column":null}},"type":"if","locations":[{"start":{"line":26,"column":6},"end":{"line":40,"column":null}},{"start":{"line":29,"column":13},"end":{"line":40,"column":null}}],"line":26},"3":{"loc":{"start":{"line":30,"column":8},"end":{"line":30,"column":null}},"type":"if","locations":[{"start":{"line":30,"column":8},"end":{"line":30,"column":null}},{"start":{},"end":{}}],"line":30},"4":{"loc":{"start":{"line":50,"column":11},"end":{"line":50,"column":58}},"type":"cond-expr","locations":[{"start":{"line":50,"column":21},"end":{"line":50,"column":40}},{"start":{"line":50,"column":40},"end":{"line":50,"column":58}}],"line":50},"5":{"loc":{"start":{"line":52,"column":9},"end":{"line":58,"column":null}},"type":"binary-expr","locations":[{"start":{"line":52,"column":9},"end":{"line":52,"column":null}},{"start":{"line":53,"column":10},"end":{"line":58,"column":null}}],"line":52},"6":{"loc":{"start":{"line":73,"column":11},"end":{"line":73,"column":null}},"type":"cond-expr","locations":[{"start":{"line":73,"column":21},"end":{"line":73,"column":40}},{"start":{"line":73,"column":40},"end":{"line":73,"column":null}}],"line":73},"7":{"loc":{"start":{"line":73,"column":40},"end":{"line":73,"column":null}},"type":"cond-expr","locations":[{"start":{"line":73,"column":50},"end":{"line":73,"column":61}},{"start":{"line":73,"column":61},"end":{"line":73,"column":null}}],"line":73},"8":{"loc":{"start":{"line":76,"column":7},"end":{"line":76,"column":null}},"type":"binary-expr","locations":[{"start":{"line":76,"column":7},"end":{"line":76,"column":16}},{"start":{"line":76,"column":16},"end":{"line":76,"column":null}}],"line":76},"9":{"loc":{"start":{"line":78,"column":9},"end":{"line":78,"column":null}},"type":"cond-expr","locations":[{"start":{"line":78,"column":19},"end":{"line":78,"column":53}},{"start":{"line":78,"column":53},"end":{"line":78,"column":null}}],"line":78}},"s":{"0":30,"1":30,"2":30,"3":30,"4":30,"5":30,"6":30,"7":2,"8":2,"9":2,"10":1,"11":1,"12":1,"13":1,"14":1,"15":0,"16":0,"17":0,"18":0,"19":0,"20":0,"21":1,"22":1,"23":30,"24":0,"25":15,"26":10,"27":0},"f":{"0":30,"1":2,"2":0,"3":15,"4":10,"5":0},"b":{"0":[1,1],"1":[2,1],"2":[1,0],"3":[0,0],"4":[30,0],"5":[30,0],"6":[1,29],"7":[29,0],"8":[30,2],"9":[30,0]},"meta":{"lastBranch":10,"lastFunction":6,"lastStatement":28,"seen":{"f:6:24:6:29":0,"s:7:32:7:Infinity":0,"s:8:28:8:Infinity":1,"s:9:34:9:Infinity":2,"s:10:30:10:Infinity":3,"s:11:28:11:Infinity":4,"s:12:32:12:Infinity":5,"s:14:23:46:Infinity":6,"f:14:23:14:30":1,"s:15:4:15:Infinity":7,"s:16:4:16:Infinity":8,"b:19:4:21:Infinity:undefined:undefined:undefined:undefined":0,"s:19:4:21:Infinity":9,"b:19:8:19:25:19:25:19:43":1,"s:20:6:20:Infinity":10,"s:23:4:23:Infinity":11,"s:25:4:45:Infinity":12,"b:26:6:40:Infinity:29:13:40:Infinity":2,"s:26:6:40:Infinity":13,"s:27:31:27:Infinity":14,"s:28:8:28:Infinity":15,"b:30:8:30:Infinity:undefined:undefined:undefined:undefined":3,"s:30:8:30:Infinity":16,"s:30:28:30:Infinity":17,"s:32:31:32:Infinity":18,"s:34:8:38:Infinity":19,"s:39:8:39:Infinity":20,"s:42:6:42:Infinity":21,"s:44:6:44:Infinity":22,"s:48:2:80:Infinity":23,"b:50:21:50:40:50:40:50:58":4,"b:52:9:52:Infinity:53:10:58:Infinity":5,"f:57:12:57:23":2,"s:57:29:57:Infinity":24,"f:64:10:64:21":3,"s:64:27:64:Infinity":25,"f:70:10:70:21":4,"s:70:27:70:Infinity":26,"b:73:21:73:40:73:40:73:Infinity":6,"b:73:50:73:61:73:61:73:Infinity":7,"b:76:7:76:16:76:16:76:Infinity":8,"f:77:51:77:66":5,"s:77:66:77:Infinity":27,"b:78:19:78:53:78:53:78:Infinity":9},"fnNames":{}}}
,"C:\\Users\\ThinkPad L490\\mini-banco\\src\\components\\Dashboard.jsx": {"path":"C:\\Users\\ThinkPad L490\\mini-banco\\src\\components\\Dashboard.jsx","statementMap":{"0":{"start":{"line":8,"column":34},"end":{"line":8,"column":null}},"1":{"start":{"line":9,"column":40},"end":{"line":9,"column":null}},"2":{"start":{"line":12,"column":42},"end":{"line":12,"column":null}},"3":{"start":{"line":13,"column":28},"end":{"line":13,"column":null}},"4":{"start":{"line":14,"column":32},"end":{"line":14,"column":null}},"5":{"start":{"line":15,"column":28},"end":{"line":15,"column":null}},"6":{"start":{"line":16,"column":28},"end":{"line":16,"column":null}},"7":{"start":{"line":19,"column":2},"end":{"line":27,"column":null}},"8":{"start":{"line":20,"column":28},"end":{"line":24,"column":null}},"9":{"start":{"line":21,"column":6},"end":{"line":23,"column":null}},"10":{"start":{"line":22,"column":8},"end":{"line":22,"column":null}},"11":{"start":{"line":26,"column":4},"end":{"line":26,"column":null}},"12":{"start":{"line":26,"column":17},"end":{"line":26,"column":null}},"13":{"start":{"line":30,"column":2},"end":{"line":44,"column":null}},"14":{"start":{"line":31,"column":14},"end":{"line":34,"column":null}},"15":{"start":{"line":36,"column":28},"end":{"line":41,"column":null}},"16":{"start":{"line":37,"column":19},"end":{"line":39,"column":null}},"17":{"start":{"line":38,"column":19},"end":{"line":38,"column":45}},"18":{"start":{"line":39,"column":21},"end":{"line":39,"column":75}},"19":{"start":{"line":40,"column":6},"end":{"line":40,"column":null}},"20":{"start":{"line":43,"column":4},"end":{"line":43,"column":null}},"21":{"start":{"line":43,"column":17},"end":{"line":43,"column":null}},"22":{"start":{"line":46,"column":23},"end":{"line":49,"column":null}},"23":{"start":{"line":47,"column":4},"end":{"line":47,"column":null}},"24":{"start":{"line":48,"column":4},"end":{"line":48,"column":null}},"25":{"start":{"line":51,"column":29},"end":{"line":60,"column":null}},"26":{"start":{"line":52,"column":19},"end":{"line":52,"column":null}},"27":{"start":{"line":53,"column":4},"end":{"line":53,"column":null}},"28":{"start":{"line":53,"column":17},"end":{"line":53,"column":null}},"29":{"start":{"line":55,"column":4},"end":{"line":59,"column":null}},"30":{"start":{"line":56,"column":6},"end":{"line":56,"column":null}},"31":{"start":{"line":58,"column":6},"end":{"line":58,"column":null}},"32":{"start":{"line":62,"column":31},"end":{"line":119,"column":null}},"33":{"start":{"line":63,"column":4},"end":{"line":63,"column":null}},"34":{"start":{"line":64,"column":4},"end":{"line":64,"column":null}},"35":{"start":{"line":67,"column":28},"end":{"line":67,"column":null}},"36":{"start":{"line":68,"column":4},"end":{"line":70,"column":null}},"37":{"start":{"line":69,"column":6},"end":{"line":69,"column":null}},"38":{"start":{"line":72,"column":21},"end":{"line":72,"column":null}},"39":{"start":{"line":73,"column":4},"end":{"line":73,"column":null}},"40":{"start":{"line":75,"column":4},"end":{"line":118,"column":null}},"41":{"start":{"line":77,"column":20},"end":{"line":77,"column":null}},"42":{"start":{"line":78,"column":27},"end":{"line":78,"column":null}},"43":{"start":{"line":80,"column":6},"end":{"line":80,"column":null}},"44":{"start":{"line":80,"column":30},"end":{"line":80,"column":null}},"45":{"start":{"line":82,"column":22},"end":{"line":82,"column":null}},"46":{"start":{"line":83,"column":23},"end":{"line":83,"column":null}},"47":{"start":{"line":86,"column":6},"end":{"line":88,"column":null}},"48":{"start":{"line":89,"column":6},"end":{"line":91,"column":null}},"49":{"start":{"line":94,"column":6},"end":{"line":102,"column":null}},"50":{"start":{"line":105,"column":6},"end":{"line":105,"column":null}},"51":{"start":{"line":106,"column":6},"end":{"line":106,"column":null}},"52":{"start":{"line":109,"column":6},"end":{"line":109,"column":null}},"53":{"start":{"line":110,"column":6},"end":{"line":112,"column":null}},"54":{"start":{"line":111,"column":8},"end":{"line":111,"column":null}},"55":{"start":{"line":115,"column":6},"end":{"line":115,"column":null}},"56":{"start":{"line":117,"column":6},"end":{"line":117,"column":null}},"57":{"start":{"line":121,"column":2},"end":{"line":121,"column":null}},"58":{"start":{"line":121,"column":17},"end":{"line":121,"column":null}},"59":{"start":{"line":123,"column":2},"end":{"line":188,"column":null}},"60":{"start":{"line":142,"column":29},"end":{"line":142,"column":null}},"61":{"start":{"line":148,"column":29},"end":{"line":148,"column":null}},"62":{"start":{"line":162,"column":30},"end":{"line":162,"column":null}},"63":{"start":{"line":163,"column":14},"end":{"line":175,"column":null}},"64":{"start":{"line":172,"column":41},"end":{"line":172,"column":69}}},"fnMap":{"0":{"name":"Dashboard","decl":{"start":{"line":7,"column":24},"end":{"line":7,"column":34}},"loc":{"start":{"line":7,"column":53},"end":{"line":190,"column":null}},"line":7},"1":{"name":"(anonymous_1)","decl":{"start":{"line":19,"column":2},"end":{"line":19,"column":18}},"loc":{"start":{"line":19,"column":18},"end":{"line":27,"column":5}},"line":19},"2":{"name":"(anonymous_2)","decl":{"start":{"line":20,"column":64},"end":{"line":20,"column":68}},"loc":{"start":{"line":20,"column":80},"end":{"line":24,"column":5}},"line":20},"3":{"name":"(anonymous_3)","decl":{"start":{"line":26,"column":4},"end":{"line":26,"column":17}},"loc":{"start":{"line":26,"column":17},"end":{"line":26,"column":null}},"line":26},"4":{"name":"(anonymous_4)","decl":{"start":{"line":30,"column":2},"end":{"line":30,"column":18}},"loc":{"start":{"line":30,"column":18},"end":{"line":44,"column":5}},"line":30},"5":{"name":"(anonymous_5)","decl":{"start":{"line":36,"column":39},"end":{"line":36,"column":43}},"loc":{"start":{"line":36,"column":56},"end":{"line":41,"column":5}},"line":36},"6":{"name":"(anonymous_6)","decl":{"start":{"line":38,"column":9},"end":{"line":38,"column":13}},"loc":{"start":{"line":38,"column":19},"end":{"line":38,"column":45}},"line":38},"7":{"name":"(anonymous_7)","decl":{"start":{"line":39,"column":9},"end":{"line":39,"column":16}},"loc":{"start":{"line":39,"column":21},"end":{"line":39,"column":75}},"line":39},"8":{"name":"(anonymous_8)","decl":{"start":{"line":43,"column":4},"end":{"line":43,"column":17}},"loc":{"start":{"line":43,"column":17},"end":{"line":43,"column":null}},"line":43},"9":{"name":"(anonymous_9)","decl":{"start":{"line":46,"column":23},"end":{"line":46,"column":35}},"loc":{"start":{"line":46,"column":35},"end":{"line":49,"column":null}},"line":46},"10":{"name":"(anonymous_10)","decl":{"start":{"line":51,"column":29},"end":{"line":51,"column":36}},"loc":{"start":{"line":51,"column":43},"end":{"line":60,"column":null}},"line":51},"11":{"name":"(anonymous_11)","decl":{"start":{"line":62,"column":31},"end":{"line":62,"column":38}},"loc":{"start":{"line":62,"column":44},"end":{"line":119,"column":null}},"line":62},"12":{"name":"(anonymous_12)","decl":{"start":{"line":110,"column":6},"end":{"line":110,"column":23}},"loc":{"start":{"line":110,"column":23},"end":{"line":112,"column":9}},"line":110},"13":{"name":"(anonymous_13)","decl":{"start":{"line":142,"column":12},"end":{"line":142,"column":23}},"loc":{"start":{"line":142,"column":29},"end":{"line":142,"column":null}},"line":142},"14":{"name":"(anonymous_14)","decl":{"start":{"line":148,"column":12},"end":{"line":148,"column":23}},"loc":{"start":{"line":148,"column":29},"end":{"line":148,"column":null}},"line":148},"15":{"name":"(anonymous_15)","decl":{"start":{"line":161,"column":25},"end":{"line":161,"column":29}},"loc":{"start":{"line":161,"column":36},"end":{"line":177,"column":13}},"line":161},"16":{"name":"(anonymous_16)","decl":{"start":{"line":172,"column":26},"end":{"line":172,"column":41}},"loc":{"start":{"line":172,"column":41},"end":{"line":172,"column":69}},"line":172}},"branchMap":{"0":{"loc":{"start":{"line":21,"column":6},"end":{"line":23,"column":null}},"type":"if","locations":[{"start":{"line":21,"column":6},"end":{"line":23,"column":null}},{"start":{},"end":{}}],"line":21},"1":{"loc":{"start":{"line":39,"column":21},"end":{"line":39,"column":75}},"type":"binary-expr","locations":[{"start":{"line":39,"column":21},"end":{"line":39,"column":49}},{"start":{"line":39,"column":49},"end":{"line":39,"column":75}}],"line":39},"2":{"loc":{"start":{"line":53,"column":4},"end":{"line":53,"column":null}},"type":"if","locations":[{"start":{"line":53,"column":4},"end":{"line":53,"column":null}},{"start":{},"end":{}}],"line":53},"3":{"loc":{"start":{"line":68,"column":4},"end":{"line":70,"column":null}},"type":"if","locations":[{"start":{"line":68,"column":4},"end":{"line":70,"column":null}},{"start":{},"end":{}}],"line":68},"4":{"loc":{"start":{"line":80,"column":6},"end":{"line":80,"column":null}},"type":"if","locations":[{"start":{"line":80,"column":6},"end":{"line":80,"column":null}},{"start":{},"end":{}}],"line":80},"5":{"loc":{"start":{"line":121,"column":2},"end":{"line":121,"column":null}},"type":"if","locations":[{"start":{"line":121,"column":2},"end":{"line":121,"column":null}},{"start":{},"end":{}}],"line":121},"6":{"loc":{"start":{"line":151,"column":13},"end":{"line":151,"column":null}},"type":"cond-expr","locations":[{"start":{"line":151,"column":23},"end":{"line":151,"column":44}},{"start":{"line":151,"column":44},"end":{"line":151,"column":null}}],"line":151},"7":{"loc":{"start":{"line":154,"column":9},"end":{"line":154,"column":null}},"type":"binary-expr","locations":[{"start":{"line":154,"column":9},"end":{"line":154,"column":18}},{"start":{"line":154,"column":18},"end":{"line":154,"column":null}}],"line":154},"8":{"loc":{"start":{"line":159,"column":9},"end":{"line":180,"column":null}},"type":"cond-expr","locations":[{"start":{"line":159,"column":36},"end":{"line":160,"column":11}},{"start":{"line":160,"column":10},"end":{"line":180,"column":null}}],"line":159},"9":{"loc":{"start":{"line":164,"column":44},"end":{"line":164,"column":null}},"type":"cond-expr","locations":[{"start":{"line":164,"column":54},"end":{"line":164,"column":64}},{"start":{"line":164,"column":64},"end":{"line":164,"column":null}}],"line":164},"10":{"loc":{"start":{"line":166,"column":29},"end":{"line":166,"column":105}},"type":"cond-expr","locations":[{"start":{"line":166,"column":39},"end":{"line":166,"column":71}},{"start":{"line":166,"column":71},"end":{"line":166,"column":105}}],"line":166},"11":{"loc":{"start":{"line":170,"column":21},"end":{"line":170,"column":41}},"type":"cond-expr","locations":[{"start":{"line":170,"column":31},"end":{"line":170,"column":37}},{"start":{"line":170,"column":37},"end":{"line":170,"column":41}}],"line":170},"12":{"loc":{"start":{"line":183,"column":7},"end":{"line":186,"column":null}},"type":"binary-expr","locations":[{"start":{"line":183,"column":7},"end":{"line":183,"column":null}},{"start":{"line":184,"column":8},"end":{"line":186,"column":null}}],"line":183}},"s":{"0":46,"1":46,"2":46,"3":46,"4":46,"5":46,"6":46,"7":46,"8":3,"9":3,"10":3,"11":3,"12":3,"13":46,"14":3,"15":3,"16":3,"17":0,"18":0,"19":3,"20":3,"21":3,"22":46,"23":0,"24":0,"25":46,"26":0,"27":0,"28":0,"29":0,"30":0,"31":0,"32":46,"33":2,"34":2,"35":2,"36":2,"37":1,"38":1,"39":1,"40":1,"41":1,"42":1,"43":1,"44":0,"45":1,"46":1,"47":1,"48":1,"49":1,"50":1,"51":1,"52":1,"53":1,"54":0,"55":0,"56":1,"57":46,"58":3,"59":43,"60":28,"61":9,"62":0,"63":0,"64":0},"f":{"0":46,"1":3,"2":3,"3":3,"4":3,"5":3,"6":0,"7":0,"8":3,"9":0,"10":0,"11":2,"12":0,"13":28,"14":9,"15":0,"16":0},"b":{"0":[3,0],"1":[0,0],"2":[0,0],"3":[1,1],"4":[0,1],"5":[3,43],"6":[1,42],"7":[46,1],"8":[43,0],"9":[0,0],"10":[0,0],"11":[0,0],"12":[46,1]},"meta":{"lastBranch":13,"lastFunction":17,"lastStatement":65,"seen":{"f:7:24:7:34":0,"s:8:34:8:Infinity":0,"s:9:40:9:Infinity":1,"s:12:42:12:Infinity":2,"s:13:28:13:Infinity":3,"s:14:32:14:Infinity":4,"s:15:28:15:Infinity":5,"s:16:28:16:Infinity":6,"s:19:2:27:Infinity":7,"f:19:2:19:18":1,"s:20:28:24:Infinity":8,"f:20:64:20:68":2,"b:21:6:23:Infinity:undefined:undefined:undefined:undefined":0,"s:21:6:23:Infinity":9,"s:22:8:22:Infinity":10,"s:26:4:26:Infinity":11,"f:26:4:26:17":3,"s:26:17:26:Infinity":12,"s:30:2:44:Infinity":13,"f:30:2:30:18":4,"s:31:14:34:Infinity":14,"s:36:28:41:Infinity":15,"f:36:39:36:43":5,"s:37:19:39:Infinity":16,"f:38:9:38:13":6,"s:38:19:38:45":17,"f:39:9:39:16":7,"s:39:21:39:75":18,"b:39:21:39:49:39:49:39:75":1,"s:40:6:40:Infinity":19,"s:43:4:43:Infinity":20,"f:43:4:43:17":8,"s:43:17:43:Infinity":21,"s:46:23:49:Infinity":22,"f:46:23:46:35":9,"s:47:4:47:Infinity":23,"s:48:4:48:Infinity":24,"s:51:29:60:Infinity":25,"f:51:29:51:36":10,"s:52:19:52:Infinity":26,"b:53:4:53:Infinity:undefined:undefined:undefined:undefined":2,"s:53:4:53:Infinity":27,"s:53:17:53:Infinity":28,"s:55:4:59:Infinity":29,"s:56:6:56:Infinity":30,"s:58:6:58:Infinity":31,"s:62:31:119:Infinity":32,"f:62:31:62:38":11,"s:63:4:63:Infinity":33,"s:64:4:64:Infinity":34,"s:67:28:67:Infinity":35,"b:68:4:70:Infinity:undefined:undefined:undefined:undefined":3,"s:68:4:70:Infinity":36,"s:69:6:69:Infinity":37,"s:72:21:72:Infinity":38,"s:73:4:73:Infinity":39,"s:75:4:118:Infinity":40,"s:77:20:77:Infinity":41,"s:78:27:78:Infinity":42,"b:80:6:80:Infinity:undefined:undefined:undefined:undefined":4,"s:80:6:80:Infinity":43,"s:80:30:80:Infinity":44,"s:82:22:82:Infinity":45,"s:83:23:83:Infinity":46,"s:86:6:88:Infinity":47,"s:89:6:91:Infinity":48,"s:94:6:102:Infinity":49,"s:105:6:105:Infinity":50,"s:106:6:106:Infinity":51,"s:109:6:109:Infinity":52,"s:110:6:112:Infinity":53,"f:110:6:110:23":12,"s:111:8:111:Infinity":54,"s:115:6:115:Infinity":55,"s:117:6:117:Infinity":56,"b:121:2:121:Infinity:undefined:undefined:undefined:undefined":5,"s:121:2:121:Infinity":57,"s:121:17:121:Infinity":58,"s:123:2:188:Infinity":59,"f:142:12:142:23":13,"s:142:29:142:Infinity":60,"f:148:12:148:23":14,"s:148:29:148:Infinity":61,"b:151:23:151:44:151:44:151:Infinity":6,"b:154:9:154:18:154:18:154:Infinity":7,"b:159:36:160:11:160:10:180:Infinity":8,"f:161:25:161:29":15,"s:162:30:162:Infinity":62,"s:163:14:175:Infinity":63,"b:164:54:164:64:164:64:164:Infinity":9,"b:166:39:166:71:166:71:166:105":10,"b:170:31:170:37:170:37:170:41":11,"f:172:26:172:41":16,"s:172:41:172:69":64,"b:183:7:183:Infinity:184:8:186:Infinity":12},"fnNames":{}}}
,"C:\\Users\\ThinkPad L490\\mini-banco\\src\\firebase\\config.js": {"path":"C:\\Users\\ThinkPad L490\\mini-banco\\src\\firebase\\config.js","statementMap":{"0":{"start":{"line":6,"column":23},"end":{"line":13,"column":null}},"1":{"start":{"line":16,"column":12},"end":{"line":16,"column":null}},"2":{"start":{"line":17,"column":18},"end":{"line":17,"column":null}},"3":{"start":{"line":18,"column":20},"end":{"line":18,"column":null}}},"fnMap":{},"branchMap":{},"s":{"0":1,"1":1,"2":1,"3":1},"f":{},"b":{},"meta":{"lastBranch":0,"lastFunction":0,"lastStatement":4,"seen":{"s:6:23:13:Infinity":0,"s:16:12:16:Infinity":1,"s:17:18:17:Infinity":2,"s:18:20:18:Infinity":3},"fnNames":{}}}
,"C:\\Users\\ThinkPad L490\\mini-banco\\src\\utils\\validaciones.js": {"path":"C:\\Users\\ThinkPad L490\\mini-banco\\src\\utils\\validaciones.js","statementMap":{"0":{"start":{"line":2,"column":13},"end":{"line":19,"column":null}},"1":{"start":{"line":3,"column":19},"end":{"line":3,"column":null}},"2":{"start":{"line":5,"column":2},"end":{"line":7,"column":null}},"3":{"start":{"line":6,"column":4},"end":{"line":6,"column":null}},"4":{"start":{"line":8,"column":2},"end":{"line":10,"column":null}},"5":{"start":{"line":9,"column":4},"end":{"line":9,"column":null}},"6":{"start":{"line":11,"column":2},"end":{"line":13,"column":null}},"7":{"start":{"line":12,"column":4},"end":{"line":12,"column":null}},"8":{"start":{"line":14,"column":2},"end":{"line":16,"column":null}},"9":{"start":{"line":15,"column":4},"end":{"line":15,"column":null}},"10":{"start":{"line":18,"column":2},"end":{"line":18,"column":null}}},"fnMap":{"0":{"name":"(anonymous_0)","decl":{"start":{"line":2,"column":13},"end":{"line":2,"column":37}},"loc":{"start":{"line":2,"column":92},"end":{"line":19,"column":null}},"line":2}},"branchMap":{"0":{"loc":{"start":{"line":5,"column":2},"end":{"line":7,"column":null}},"type":"if","locations":[{"start":{"line":5,"column":2},"end":{"line":7,"column":null}},{"start":{},"end":{}}],"line":5},"1":{"loc":{"start":{"line":5,"column":6},"end":{"line":5,"column":50}},"type":"binary-expr","locations":[{"start":{"line":5,"column":6},"end":{"line":5,"column":16}},{"start":{"line":5,"column":16},"end":{"line":5,"column":35}},{"start":{"line":5,"column":35},"end":{"line":5,"column":50}}],"line":5},"2":{"loc":{"start":{"line":8,"column":2},"end":{"line":10,"column":null}},"type":"if","locations":[{"start":{"line":8,"column":2},"end":{"line":10,"column":null}},{"start":{},"end":{}}],"line":8},"3":{"loc":{"start":{"line":11,"column":2},"end":{"line":13,"column":null}},"type":"if","locations":[{"start":{"line":11,"column":2},"end":{"line":13,"column":null}},{"start":{},"end":{}}],"line":11},"4":{"loc":{"start":{"line":11,"column":6},"end":{"line":11,"column":52}},"type":"binary-expr","locations":[{"start":{"line":11,"column":6},"end":{"line":11,"column":23}},{"start":{"line":11,"column":23},"end":{"line":11,"column":52}}],"line":11},"5":{"loc":{"start":{"line":14,"column":2},"end":{"line":16,"column":null}},"type":"if","locations":[{"start":{"line":14,"column":2},"end":{"line":16,"column":null}},{"start":{},"end":{}}],"line":14}},"s":{"0":2,"1":9,"2":9,"3":4,"4":5,"5":1,"6":4,"7":1,"8":3,"9":1,"10":2},"f":{"0":9},"b":{"0":[4,5],"1":[9,8,7],"2":[1,4],"3":[1,3],"4":[4,4],"5":[1,2]},"meta":{"lastBranch":6,"lastFunction":1,"lastStatement":11,"seen":{"s:2:13:19:Infinity":0,"f:2:13:2:37":0,"s:3:19:3:Infinity":1,"b:5:2:7:Infinity:undefined:undefined:undefined:undefined":0,"s:5:2:7:Infinity":2,"b:5:6:5:16:5:16:5:35:5:35:5:50":1,"s:6:4:6:Infinity":3,"b:8:2:10:Infinity:undefined:undefined:undefined:undefined":2,"s:8:2:10:Infinity":4,"s:9:4:9:Infinity":5,"b:11:2:13:Infinity:undefined:undefined:undefined:undefined":3,"s:11:2:13:Infinity":6,"b:11:6:11:23:11:23:11:52":4,"s:12:4:12:Infinity":7,"b:14:2:16:Infinity:undefined:undefined:undefined:undefined":5,"s:14:2:16:Infinity":8,"s:15:4:15:Infinity":9,"s:18:2:18:Infinity":10},"fnNames":{}}}
}
